<testsuite name="[flows/coffeemachine.test.js] Get a coffee" tests="15" failures="0">
  <testcase classname="Go to the coffee machine" name="Should see coffee machine"></testcase>
  <testcase classname="Wants Latte/There is no milk/Request Latte" name="Should see no milk warning"></testcase>
  <testcase classname="Wants Latte/There is no milk/Give up/Walk away from the coffee machine" name="Should be able to walk away from the coffee machine"></testcase>
  <testcase classname="Wants Latte/There is no milk/Wants Espresso instead/Request Espresso" name="Should see espresso choice"></testcase>
  <testcase classname="Wants Latte/There is no milk/Wants Espresso instead/Wants single shot/Request single shot" name="Should get single shot Espresso"></testcase>
  <testcase classname="Wants Latte/There is no milk/Wants Espresso instead/Wants double shot/Request double shot" name="Should get double shot Espresso"></testcase>
  <testcase classname="Wants Latte/There is milk/Request Latte" name="Should get latte"></testcase>
  <testcase classname="Wants Cappuccino/There is no milk/Request Cappuccino" name="Should see no milk warning"></testcase>
  <testcase classname="Wants Cappuccino/There is no milk/Request Espresso instead/Request Espresso" name="Should see espresso choice"></testcase>
  <testcase classname="Wants Cappuccino/There is no milk/Request Espresso instead/Wants single shot/Request single shot" name="Should get single shot Espresso"></testcase>
  <testcase classname="Wants Cappuccino/There is no milk/Request Espresso instead/Wants double shot/Request double shot" name="Should get double shot Espresso"></testcase>
  <testcase classname="Wants Cappuccino/There is milk/Request Cappuccino" name="Should get cappuccino"></testcase>
  <testcase classname="Wants Espresso/Request Espresso" name="Should see espresso choice"></testcase>
  <testcase classname="Wants Espresso/Wants single shot/Request single shot" name="Should get single shot Espresso"></testcase>
  <testcase classname="Wants Espresso/Wants double shot/Request double shot" name="Should get double shot Espresso"></testcase>
</testsuite>